
Thesis Validation Report
Generated: 2025-12-25T21:31:58.744Z

SUMMARY:
- Passed: 4
- Failed: 3
- Warnings: 4

PASSED VALIDATIONS:
  ✅ Microframeworks Delivered
  ✅ Git Timeline Consistency
  ✅ Package Count
  ✅ Cross-Reference Files Exist

FAILED VALIDATIONS:
  ❌ KGC-4D LOC Count
     6327 LOC does not match expected 5465 (±100)
  ❌ Total Codebase LOC
     298171 LOC does not match expected 269806 (±5000)
  ❌ YAWL LOC Count
     Total: 27485 (expected 26449), Source: 20141 (expected 19618)

WARNINGS:
  ⚠️  Test Infrastructure
     vitest not found - cannot verify 64.1% pass rate claim. Tests should be runnable in CI.
  ⚠️  OTEL Validation Score
     validation-output.log not found - run "node validation/run-all.mjs comprehensive" first
  ⚠️  Unresolved TODOs
     4 TODO/FIXME markers found in thesis docs - review before publication
  ⚠️  Commit Message Quality
     1 patterns found that may indicate claim inflation - review commit messages

STATUS: ❌ VALIDATION FAILED
