ğŸ” UNRDF Example Validation Report
================================================================================
Total examples to validate: 21


ğŸ“¦ Validating: @unrdf/core/basic-store
   Path: /Users/sac/unrdf/packages/core/examples/basic-store
   âœ… vitest.config.mjs exists
   âœ… package.json has all test scripts
   âœ… Test files found: example.test.mjs
   ğŸ“Š Test count: 18 (minimum: 15)
   âœ… README.md has Testing section
   ğŸ§ª Running tests...
   âœ… All tests passing (1 tests)
   âœ… VALIDATION PASSED

ğŸ“¦ Validating: @unrdf/core/sparql-queries
   Path: /Users/sac/unrdf/packages/core/examples/sparql-queries
   âœ… vitest.config.mjs exists
   âœ… package.json has all test scripts
   âœ… Test files found: example.test.mjs
   ğŸ“Š Test count: 16 (minimum: 12)
   âœ… README.md has Testing section
   ğŸ§ª Running tests...
   âœ… All tests passing (1 tests)
   âœ… VALIDATION PASSED

ğŸ“¦ Validating: @unrdf/core/rdf-parsing
   Path: /Users/sac/unrdf/packages/core/examples/rdf-parsing
   âœ… vitest.config.mjs exists
   âœ… package.json has all test scripts
   âœ… Test files found: example.test.mjs
   ğŸ“Š Test count: 19 (minimum: 12)
   âœ… README.md has Testing section
   ğŸ§ª Running tests...
   âœ… All tests passing (1 tests)
   âœ… VALIDATION PASSED

ğŸ“¦ Validating: @unrdf/hooks/policy-hooks
   Path: /Users/sac/unrdf/packages/hooks/examples/policy-hooks
   âœ… vitest.config.mjs exists
   âœ… package.json has all test scripts
   âœ… Test files found: example.test.mjs
   ğŸ“Š Test count: 11 (minimum: 12)
   âš ï¸  Below minimum test count
   âœ… README.md has Testing section
   ğŸ§ª Running tests...
   âœ… All tests passing (1 tests)
   âŒ VALIDATION FAILED

ğŸ“¦ Validating: @unrdf/hooks/hook-chains
   Path: /Users/sac/unrdf/packages/hooks/examples/hook-chains
   âœ… vitest.config.mjs exists
   âœ… package.json has all test scripts
   âœ… Test files found: example.test.mjs
   ğŸ“Š Test count: 15 (minimum: 10)
   âœ… README.md has Testing section
   ğŸ§ª Running tests...
   âœ… All tests passing (1 tests)
   âœ… VALIDATION PASSED

ğŸ“¦ Validating: @unrdf/federation/peer-discovery
   Path: /Users/sac/unrdf/packages/federation/examples/peer-discovery
   âœ… vitest.config.mjs exists
   âœ… package.json has all test scripts
   âœ… Test files found: example.test.mjs
   ğŸ“Š Test count: 16 (minimum: 12)
   âœ… README.md has Testing section
   ğŸ§ª Running tests...
   âœ… All tests passing (1 tests)
   âœ… VALIDATION PASSED

ğŸ“¦ Validating: @unrdf/federation/distributed-queries
   Path: /Users/sac/unrdf/packages/federation/examples/distributed-queries
   âœ… vitest.config.mjs exists
   âœ… package.json has all test scripts
   âœ… Test files found: example.test.mjs
   ğŸ“Š Test count: 18 (minimum: 14)
   âœ… README.md has Testing section
   ğŸ§ª Running tests...
   âœ… All tests passing (1 tests)
   âœ… VALIDATION PASSED

ğŸ“¦ Validating: @unrdf/streaming/change-feeds
   Path: /Users/sac/unrdf/packages/streaming/examples/change-feeds
   âœ… vitest.config.mjs exists
   âœ… package.json has all test scripts
   âœ… Test files found: example.test.mjs
   ğŸ“Š Test count: 9 (minimum: 10)
   âš ï¸  Below minimum test count
   âœ… README.md has Testing section
   ğŸ§ª Running tests...
   âŒ Test execution failed: Command failed: pnpm test
â¯â¯â¯â¯â¯â¯â¯ Failed Tests 9 â¯â¯â¯â¯â¯â¯â¯

 FAIL  test/example.test.mjs > Change Feeds Examples > should create and subscribe to change feed
TypeError: feed.subscribe is not a function
 â¯ test/example.test.mjs:22:30
     20| 
     21|     const changes = [];
     22|     const unsubscribe = feed.subscribe((change) => {
       |                              ^
     23|       changes.push(change);
     24|     });

â¯â¯â¯â¯â¯â¯â¯â¯â¯â¯â¯â¯â¯â¯â¯â¯â¯â¯â¯â¯â¯â¯â¯â¯[1/9]â¯

 FAIL  test/example.test.mjs > Change Feeds Examples > should track change history
TypeError: feed.getHistory is not a function
 â¯ test/example.test.mjs:51:26
     49|     await new Promise(resolve => setTimeout(resolve, 50));
     50| 
     51|     const history = feed.getHistory();
       |                          ^
     52|     expect(history.length).toBeGreaterThan(0);
     53|     expect(history[0].timestamp).toBeTypeOf('number');

â¯â¯â¯â¯â¯â¯â¯â¯â¯â¯â¯â¯â¯â¯â¯â¯â¯â¯â¯â¯â¯â¯â¯â¯[2/9]â¯

 FAIL  test/example.test.mjs > Change Feeds Examples > should replay changes to new store
AssertionError: expected +0 to be 1 // Object.is equality

- Expected
+ Received

- 1
+ 0

 â¯ test/example.test.mjs:73:27
     71|     });
     72| 
     73|     expect(newStore.size).toBe(store.size);
       |                           ^
     74|   });
     75| 

â¯â¯â¯â¯â¯â¯â¯â¯â¯â¯â¯â¯â¯â¯â¯â¯â¯â¯â¯â¯â¯â¯â¯â¯[3/9]â¯

 FAIL  test/example.test.mjs > Change Feeds Examples > should support filtered subscriptions
TypeError: feed.subscribe is not a function
 â¯ test/example.test.mjs:81:30
     79| 
     80|     const additions = [];
     81|     const unsubscribe = feed.subscribe((change) => {
       |                              ^
     82|       if (change.type === 'add') {
     83|         additions.push(change);

â¯â¯â¯â¯â¯â¯â¯â¯â¯â¯â¯â¯â¯â¯â¯â¯â¯â¯â¯â¯â¯â¯â¯â¯[4/9]â¯

 FAIL  test/example.test.mjs > Change Feeds Examples > should support time-based queries
TypeError: feed.getHistory is not a function
 â¯ test/example.test.mjs:117:29
    115|     await new Promise(resolve => setTimeout(resolve, 50));
    116| 
    117|     const allChanges = feed.getHistory();
       |                             ^
    118|     const recentChanges = feed.getHistory({ since: midpoint });
    119| 

â¯â¯â¯â¯â¯â¯â¯â¯â¯â¯â¯â¯â¯â¯â¯â¯â¯â¯â¯â¯â¯â¯â¯â¯[5/9]â¯

 FAIL  test/example.test.mjs > Change Feeds Examples > should run basicChangeFeed example
AssertionError: promise rejected "TypeError: feed.subscribe is not a functiâ€¦" instead of resolving
 â¯ test/example.test.mjs:124:36
    122| 
    123|   it('should run basicChangeFeed example', async () => {
    124|     await expect(basicChangeFeed()).resolves.toBeUndefined();
       |                                    ^
    125|   });
    126| 

Caused by: TypeError: feed.subscribe is not a function
 â¯ Module.basicChangeFeed src/index.mjs:22:28
 â¯ test/example.test.mjs:124:18

â¯â¯â¯â¯â¯â¯â¯â¯â¯â¯â¯â¯â¯â¯â¯â¯â¯â¯â¯â¯â¯â¯â¯â¯[6/9]â¯

 FAIL  test/example.test.mjs > Change Feeds Examples > should run changeHistory example
AssertionError: promise rejected "TypeError: feed.getHistory is not a functâ€¦" instead of resolving
 â¯ test/example.test.mjs:128:34
    126| 
    127|   it('should run changeHistory example', async () => {
    128|     await expect(changeHistory()).resolves.toBeUndefined();
       |                                  ^
    129|   });
    130| 

Caused by: TypeError: feed.getHistory is not a function
 â¯ Module.changeHistory src/index.mjs:74:24
 â¯ test/example.test.mjs:128:5

â¯â¯â¯â¯â¯â¯â¯â¯â¯â¯â¯â¯â¯â¯â¯â¯â¯â¯â¯â¯â¯â¯â¯â¯[7/9]â¯

 FAIL  test/example.test.mjs > Change Feeds Examples > should run filteredSubscription example
AssertionError: promise rejected "TypeError: feed.subscribe is not a functiâ€¦" instead of resolving
 â¯ test/example.test.mjs:132:41
    130| 
    131|   it('should run filteredSubscription example', async () => {
    132|     await expect(filteredSubscription()).resolves.toBeUndefined();
       |                                         ^
    133|   });
    134| 

Caused by: TypeError: feed.subscribe is not a function
 â¯ Module.filteredSubscription src/index.mjs:111:32
 â¯ test/example.test.mjs:132:18

â¯â¯â¯â¯â¯â¯â¯â¯â¯â¯â¯â¯â¯â¯â¯â¯â¯â¯â¯â¯â¯â¯â¯â¯[8/9]â¯

 FAIL  test/example.test.mjs > Change Feeds Examples > should run timeBasedQueries example
AssertionError: promise rejected "TypeError: feed.getHistory is not a functâ€¦" instead of resolving
 â¯ test/example.test.mjs:136:37
    134| 
    135|   it('should run timeBasedQueries example', async () => {
    136|     await expect(timeBasedQueries()).resolves.toBeUndefined();
       |                                     ^
    137|   });
    138| });

Caused by: TypeError: feed.getHistory is not a function
 â¯ Module.timeBasedQueries src/index.mjs:169:27
 â¯ test/example.test.mjs:136:5

â¯â¯â¯â¯â¯â¯â¯â¯â¯â¯â¯â¯â¯â¯â¯â¯â¯â¯â¯â¯â¯â¯â¯â¯[9/9]â¯


   âŒ VALIDATION FAILED

ğŸ“¦ Validating: @unrdf/streaming/real-time-sync
   Path: /Users/sac/unrdf/packages/streaming/examples/real-time-sync
   âœ… vitest.config.mjs exists
   âœ… package.json has all test scripts
   âœ… Test files found: example.test.mjs
   ğŸ“Š Test count: 11 (minimum: 10)
