ğŸ” UNRDF Example Validation Report
================================================================================
Total examples to validate: 21


ğŸ“¦ Validating: @unrdf/core/basic-store
   Path: /Users/sac/unrdf/packages/core/examples/basic-store
   âŒ vitest.config.mjs missing
   âš ï¸  package.json missing some test scripts
      - Missing "test:watch" script
      - Missing "test:coverage" script
   âœ… Test files found: example.test.mjs
   ğŸ“Š Test count: 7 (minimum: 15)
   âš ï¸  Below minimum test count
   âš ï¸  README.md missing Testing section
   â­ï¸  Skipping test execution (missing prerequisites)
   âŒ VALIDATION FAILED

ğŸ“¦ Validating: @unrdf/core/sparql-queries
   Path: /Users/sac/unrdf/packages/core/examples/sparql-queries
   âŒ vitest.config.mjs missing
   âš ï¸  package.json missing some test scripts
      - Missing "test:watch" script
      - Missing "test:coverage" script
   âœ… Test files found: example.test.mjs
   ğŸ“Š Test count: 8 (minimum: 12)
   âš ï¸  Below minimum test count
   âš ï¸  README.md missing Testing section
   â­ï¸  Skipping test execution (missing prerequisites)
   âŒ VALIDATION FAILED

ğŸ“¦ Validating: @unrdf/core/rdf-parsing
   Path: /Users/sac/unrdf/packages/core/examples/rdf-parsing
   âŒ vitest.config.mjs missing
   âš ï¸  package.json missing some test scripts
      - Missing "test:watch" script
      - Missing "test:coverage" script
   âœ… Test files found: example.test.mjs
   ğŸ“Š Test count: 10 (minimum: 12)
   âš ï¸  Below minimum test count
   âš ï¸  README.md missing Testing section
   â­ï¸  Skipping test execution (missing prerequisites)
   âŒ VALIDATION FAILED

ğŸ“¦ Validating: @unrdf/hooks/policy-hooks
   Path: /Users/sac/unrdf/packages/hooks/examples/policy-hooks
   âœ… vitest.config.mjs exists
   âš ï¸  package.json missing some test scripts
      - Missing "test:coverage" script
   âœ… Test files found: example.test.mjs
   ğŸ“Š Test count: 11 (minimum: 12)
   âš ï¸  Below minimum test count
   âœ… README.md has Testing section
   ğŸ§ª Running tests...
   âœ… All tests passing (1 tests)
   âŒ VALIDATION FAILED

ğŸ“¦ Validating: @unrdf/hooks/hook-chains
   Path: /Users/sac/unrdf/packages/hooks/examples/hook-chains
   âœ… vitest.config.mjs exists
   âš ï¸  package.json missing some test scripts
      - Missing "test:coverage" script
   âœ… Test files found: example.test.mjs
   ğŸ“Š Test count: 15 (minimum: 10)
   âœ… README.md has Testing section
   ğŸ§ª Running tests...
   âœ… All tests passing (1 tests)
   âœ… VALIDATION PASSED

ğŸ“¦ Validating: @unrdf/federation/peer-discovery
   Path: /Users/sac/unrdf/packages/federation/examples/peer-discovery
   âœ… vitest.config.mjs exists
   âš ï¸  package.json missing some test scripts
      - Missing "test:coverage" script
   âœ… Test files found: example.test.mjs
   ğŸ“Š Test count: 16 (minimum: 12)
   âš ï¸  README.md missing Testing section
   ğŸ§ª Running tests...
   âœ… All tests passing (1 tests)
   âœ… VALIDATION PASSED

ğŸ“¦ Validating: @unrdf/federation/distributed-queries
   Path: /Users/sac/unrdf/packages/federation/examples/distributed-queries
   âœ… vitest.config.mjs exists
   âš ï¸  package.json missing some test scripts
      - Missing "test:coverage" script
   âœ… Test files found: example.test.mjs
   ğŸ“Š Test count: 18 (minimum: 14)
   âš ï¸  README.md missing Testing section
   ğŸ§ª Running tests...
   âœ… All tests passing (1 tests)
   âœ… VALIDATION PASSED

ğŸ“¦ Validating: @unrdf/streaming/change-feeds
   Path: /Users/sac/unrdf/packages/streaming/examples/change-feeds
   âœ… vitest.config.mjs exists
   âš ï¸  package.json missing some test scripts
      - Missing "test:watch" script
      - Missing "test:coverage" script
   âœ… Test files found: example.test.mjs
   ğŸ“Š Test count: 9 (minimum: 10)
   âš ï¸  Below minimum test count
   âœ… README.md has Testing section
   ğŸ§ª Running tests...
   âŒ Test execution failed: Command failed: pnpm test
â¯â¯â¯â¯â¯â¯ Failed Suites 1 â¯â¯â¯â¯â¯â¯â¯

 FAIL  test/example.test.mjs [ test/example.test.mjs ]
Error: Failed to load url @unrdf/streaming (resolved id: @unrdf/streaming) in /Users/sac/unrdf/packages/streaming/examples/change-feeds/test/example.test.mjs. Does the file exist?
 â¯ loadAndTransform ../../../../node_modules/.pnpm/vite@5.4.20_@types+node@20.19.19_sass@1.64.1/node_modules/vite/dist/node/chunks/dep-D_zLpgQd.js:51968:17

â¯â¯â¯â¯â¯â¯â¯â¯â¯â¯â¯â¯â¯â¯â¯â¯â¯â¯â¯â¯â¯â¯â¯â¯[1/1]â¯


   âŒ VALIDATION FAILED

ğŸ“¦ Validating: @unrdf/streaming/real-time-sync
   Path: /Users/sac/unrdf/packages/streaming/examples/real-time-sync
   âœ… vitest.config.mjs exists
   âš ï¸  package.json missing some test scripts
      - Missing "test:watch" script
      - Missing "test:coverage" script
   âœ… Test files found: example.test.mjs
   ğŸ“Š Test count: 11 (minimum: 10)
   âœ… README.md has Testing section
   ğŸ§ª Running tests...
   âŒ Test execution failed: Command failed: pnpm test
â¯â¯â¯â¯â¯â¯ Failed Suites 1 â¯â¯â¯â¯â¯â¯â¯

 FAIL  test/example.test.mjs [ test/example.test.mjs ]
Error: Failed to load url @unrdf/streaming (resolved id: @unrdf/streaming) in /Users/sac/unrdf/packages/streaming/examples/real-time-sync/test/example.test.mjs. Does the file exist?
 â¯ loadAndTransform ../../../../node_modules/.pnpm/vite@5.4.20_@types+node@20.19.19_sass@1.64.1/node_modules/vite/dist/node/chunks/dep-D_zLpgQd.js:51968:17

â¯â¯â¯â¯â¯â¯â¯â¯â¯â¯â¯â¯â¯â¯â¯â¯â¯â¯â¯â¯â¯â¯â¯â¯[1/1]â¯


   âœ… VALIDATION PASSED

ğŸ“¦ Validating: @unrdf/browser/indexed-db
   Path: /Users/sac/unrdf/packages/browser/examples/indexed-db
   âŒ vitest.config.mjs missing
   âš ï¸  package.json missing some test scripts
      - Missing "test:coverage" script
   âœ… Test files found: example.test.mjs
   ğŸ“Š Test count: 8 (minimum: 10)
   âš ï¸  Below minimum test count
   âš ï¸  README.md missing Testing section
   â­ï¸  Skipping test execution (missing prerequisites)
   âŒ VALIDATION FAILED

ğŸ“¦ Validating: @unrdf/browser/offline-support
   Path: /Users/sac/unrdf/packages/browser/examples/offline-support
   âŒ vitest.config.mjs missing
   âš ï¸  package.json missing some test scripts
      - Missing "test:coverage" script
   âœ… Test files found: example.test.mjs
   ğŸ“Š Test count: 9 (minimum: 11)
   âš ï¸  Below minimum test count
   âš ï¸  README.md missing Testing section
   â­ï¸  Skipping test execution (missing prerequisites)
   âŒ VALIDATION FAILED

ğŸ“¦ Validating: @unrdf/cli/graph-commands
   Path: /Users/sac/unrdf/packages/cli/examples/graph-commands
   âŒ vitest.config.mjs missing
   âš ï¸  package.json missing some test scripts
      - Missing "test:coverage" script
   âœ… Test files found: example.test.mjs
   ğŸ“Š Test count: 3 (minimum: 10)
   âš ï¸  Below minimum test count
   âœ… README.md has Testing section
   â­ï¸  Skipping test execution (missing prerequisites)
   âŒ VALIDATION FAILED

ğŸ“¦ Validating: @unrdf/cli/format-conversion
   Path: /Users/sac/unrdf/packages/cli/examples/format-conversion
   âŒ vitest.config.mjs missing
   âš ï¸  package.json missing some test scripts
      - Missing "test:coverage" script
   âœ… Test files found: example.test.mjs
   ğŸ“Š Test count: 6 (minimum: 10)
   âš ï¸  Below minimum test count
   âœ… README.md has Testing section
   â­ï¸  Skipping test execution (missing prerequisites)
   âŒ VALIDATION FAILED

ğŸ“¦ Validating: @unrdf/knowledge-engine/basic-inference
   Path: /Users/sac/unrdf/packages/knowledge-engine/examples/basic-inference
   âŒ vitest.config.mjs missing
   âš ï¸  package.json missing some test scripts
      - Missing "test:coverage" script
   âœ… Test files found: example.test.mjs
   ğŸ“Š Test count: 5 (minimum: 10)
   âš ï¸  Below minimum test count
   âœ… README.md has Testing section
   â­ï¸  Skipping test execution (missing prerequisites)
   âŒ VALIDATION FAILED

ğŸ“¦ Validating: @unrdf/knowledge-engine/sparql-rules
   Path: /Users/sac/unrdf/packages/knowledge-engine/examples/sparql-rules
   âŒ vitest.config.mjs missing
   âš ï¸  package.json missing some test scripts
      - Missing "test:coverage" script
   âœ… Test files found: example.test.mjs
   ğŸ“Š Test count: 6 (minimum: 10)
   âš ï¸  Below minimum test count
   âœ… README.md has Testing section
   â­ï¸  Skipping test execution (missing prerequisites)
   âŒ VALIDATION FAILED

ğŸ“¦ Validating: @unrdf/dark-matter/query-optimization
   Path: /Users/sac/unrdf/packages/dark-matter/examples/query-optimization
   âŒ vitest.config.mjs missing
   âš ï¸  package.json missing some test scripts
      - Missing "test:coverage" script
   âœ… Test files found: example.test.mjs
   ğŸ“Š Test count: 3 (minimum: 10)
   âš ï¸  Below minimum test count
   âš ï¸  README.md missing Testing section
   â­ï¸  Skipping test execution (missing prerequisites)
   âŒ VALIDATION FAILED

ğŸ“¦ Validating: @unrdf/dark-matter/index-advisor
   Path: /Users/sac/unrdf/packages/dark-matter/examples/index-advisor
   âŒ vitest.config.mjs missing
   âš ï¸  package.json missing some test scripts
      - Missing "test:coverage" script
   âœ… Test files found: example.test.mjs
   ğŸ“Š Test count: 4 (minimum: 10)
   âš ï¸  Below minimum test count
   âš ï¸  README.md missing Testing section
   â­ï¸  Skipping test execution (missing prerequisites)
   âŒ VALIDATION FAILED

ğŸ“¦ Validating: @unrdf/composables/reactive-graphs
   Path: /Users/sac/unrdf/packages/composables/examples/reactive-graphs
   âŒ vitest.config.mjs missing
   âš ï¸  package.json missing some test scripts
      - Missing "test:watch" script
      - Missing "test:coverage" script
   âœ… Test files found: example.test.mjs
   ğŸ“Š Test count: 5 (minimum: 10)
   âš ï¸  Below minimum test count
   âœ… README.md has Testing section
   â­ï¸  Skipping test execution (missing prerequisites)
   âŒ VALIDATION FAILED

ğŸ“¦ Validating: @unrdf/composables/query-integration
   Path: /Users/sac/unrdf/packages/composables/examples/query-integration
   âŒ vitest.config.mjs missing
   âš ï¸  package.json missing some test scripts
      - Missing "test:watch" script
      - Missing "test:coverage" script
   âœ… Test files found: example.test.mjs
   ğŸ“Š Test count: 6 (minimum: 10)
   âš ï¸  Below minimum test count
   âœ… README.md has Testing section
   â­ï¸  Skipping test execution (missing prerequisites)
   âŒ VALIDATION FAILED

ğŸ“¦ Validating: @unrdf/full-stack-example/apps/server
   Path: /Users/sac/unrdf/playground/full-stack-example/apps/server
   âŒ vitest.config.mjs missing
   âš ï¸  package.json missing some test scripts
      - Missing "test:watch" script
      - Missing "test:coverage" script
   âŒ No test files found in test/
   âœ… README.md has Testing section
   â­ï¸  Skipping test execution (missing prerequisites)
   âŒ VALIDATION FAILED

ğŸ“¦ Validating: @unrdf/full-stack-example/apps/web
   Path: /Users/sac/unrdf/playground/full-stack-example/apps/web
   âŒ vitest.config.mjs missing
   âš ï¸  package.json missing some test scripts
      - Missing "test:watch" script
      - Missing "test:coverage" script
   âŒ No test files found in test/
   âœ… README.md has Testing section
   â­ï¸  Skipping test execution (missing prerequisites)
   âŒ VALIDATION FAILED


================================================================================
ğŸ“Š VALIDATION SUMMARY
================================================================================
Total examples: 21
Validated: 4 (19%)
Failed: 2
Total tests found: 160
Passing tests: 4
Failing tests: 0
Pass rate: 100%

âŒ Missing vitest.config.mjs (15):
   - basic-store
   - sparql-queries
   - rdf-parsing
   - indexed-db
   - offline-support
   - graph-commands
   - format-conversion
   - basic-inference
   - sparql-rules
   - query-optimization
   - index-advisor
   - reactive-graphs
   - query-integration
   - server
   - web

âŒ Missing test files (2):
   - server
   - web

âš ï¸  Missing test scripts (21):
   - basic-store
   - sparql-queries
   - rdf-parsing
   - policy-hooks
   - hook-chains
   - peer-discovery
   - distributed-queries
   - change-feeds
   - real-time-sync
   - indexed-db
   - offline-support
   - graph-commands
   - format-conversion
   - basic-inference
   - sparql-rules
   - query-optimization
   - index-advisor
   - reactive-graphs
   - query-integration
   - server
   - web

âš ï¸  Missing Testing documentation (9):
   - basic-store
   - sparql-queries
   - rdf-parsing
   - peer-discovery
   - distributed-queries
   - indexed-db
   - offline-support
   - query-optimization
   - index-advisor

âŒ Failed validations (2):
   - change-feeds: Test execution error
   - real-time-sync: Test execution error

âŒ VALIDATIONS FAILED
ğŸ”§ See issues above and fix before considering production-ready
